08/14/2024 06:59:02 PM    ==== Scoary started ====
08/14/2024 06:59:02 PM    Reading gene presence absence file
08/14/2024 06:59:02 PM    Creating Hamming distance matrix based on gene presence/absence
08/14/2024 06:59:03 PM    Building UPGMA tree from distance matrix
08/14/2024 06:59:03 PM    Reading traits file
08/14/2024 06:59:03 PM    WARNING: Some isolates have missing values for trait Bogus_trait. Missing-value isolates will not be counted in association analysis towards this trait.
08/14/2024 06:59:03 PM    Finished loading files into memory.


08/14/2024 06:59:03 PM    ==== Performing statistics ====
08/14/2024 06:59:03 PM    -- Filtration options --
08/14/2024 06:59:03 PM    Individual (Naive):    0.05
08/14/2024 06:59:03 PM    Collapse genes:    False


08/14/2024 06:59:03 PM    Tallying genes and performing statistical analyses
08/14/2024 06:59:03 PM    Gene-wise counting and Fisher's exact tests for trait: Tetracycline_resistance
08/14/2024 06:59:06 PM    Adding p-values adjusted for testing multiple hypotheses
08/14/2024 06:59:06 PM    Gene-wise counting and Fisher's exact tests for trait: Bogus_trait
08/14/2024 06:59:10 PM    Adding p-values adjusted for testing multiple hypotheses
08/14/2024 06:59:10 PM    Storing results: Tetracycline_resistance
08/14/2024 06:59:10 PM    Calculating max number of contrasting pairs for each nominally significant gene
08/14/2024 06:59:10 PM    Storing results to file
08/14/2024 06:59:10 PM    Storing results: Bogus_trait
08/14/2024 06:59:10 PM    Calculating max number of contrasting pairs for each nominally significant gene
08/14/2024 06:59:11 PM    Storing results to file
08/14/2024 06:59:11 PM    

08/14/2024 06:59:11 PM    ==== Finished ====
08/14/2024 06:59:11 PM    Checked a total of 9001 genes for associations to 2 trait(s). Total time used: 8 seconds.
08/14/2024 06:59:11 PM    Scoary finished successfully, but with WARNINGS. Please check your log file.
