07/24/2024 11:36:05 AM    ==== Scoary started ====
07/24/2024 11:36:05 AM    Command: scoary.py -g scoary/exampledata/Gene_presence_absence.csv -t scoary/exampledata/Tetracycline_resistance.csv
07/24/2024 11:36:05 AM    Reading gene presence absence file
07/24/2024 11:36:05 AM    Creating Hamming distance matrix based on gene presence/absence
07/24/2024 11:36:05 AM    Building UPGMA tree from distance matrix
07/24/2024 11:36:05 AM    Reading traits file
07/24/2024 11:36:05 AM    WARNING: Some isolates have missing values for trait Bogus_trait. Missing-value isolates will not be counted in association analysis towards this trait.
07/24/2024 11:36:05 AM    Finished loading files into memory.


07/24/2024 11:36:05 AM    ==== Performing statistics ====
07/24/2024 11:36:05 AM    -- Filtration options --
07/24/2024 11:36:05 AM    Individual (Naive):    0.05
07/24/2024 11:36:05 AM    Collapse genes:    False


07/24/2024 11:36:05 AM    Tallying genes and performing statistical analyses
07/24/2024 11:36:05 AM    Gene-wise counting and Fisher's exact tests for trait: Tetracycline_resistance
07/24/2024 11:36:07 AM    Adding p-values adjusted for testing multiple hypotheses
07/24/2024 11:36:07 AM    Gene-wise counting and Fisher's exact tests for trait: Bogus_trait
07/24/2024 11:36:10 AM    Adding p-values adjusted for testing multiple hypotheses
07/24/2024 11:36:10 AM    Storing results: Tetracycline_resistance
07/24/2024 11:36:10 AM    Calculating max number of contrasting pairs for each nominally significant gene
07/24/2024 11:36:11 AM    Storing results to file
07/24/2024 11:36:11 AM    Storing results: Bogus_trait
07/24/2024 11:36:11 AM    Calculating max number of contrasting pairs for each nominally significant gene
07/24/2024 11:36:11 AM    Storing results to file
07/24/2024 11:36:11 AM    

07/24/2024 11:36:11 AM    ==== Finished ====
07/24/2024 11:36:11 AM    Checked a total of 9001 genes for associations to 2 trait(s). Total time used: 6 seconds.
07/24/2024 11:36:11 AM    Scoary finished successfully, but with WARNINGS. Please check your log file.
