08/11/2024 07:20:29 PM    ==== Scoary started ====
08/11/2024 07:20:29 PM    Command: scoary.py -g scoary/exampledata/Gene_presence_absence.csv -t scoary/exampledata/Tetracycline_resistance.csv
08/11/2024 07:20:29 PM    Reading gene presence absence file
08/11/2024 07:20:29 PM    Creating Hamming distance matrix based on gene presence/absence
08/11/2024 07:20:30 PM    Building UPGMA tree from distance matrix
08/11/2024 07:20:30 PM    Reading traits file
08/11/2024 07:20:30 PM    WARNING: Some isolates have missing values for trait Bogus_trait. Missing-value isolates will not be counted in association analysis towards this trait.
08/11/2024 07:20:30 PM    Finished loading files into memory.


08/11/2024 07:20:30 PM    ==== Performing statistics ====
08/11/2024 07:20:30 PM    -- Filtration options --
08/11/2024 07:20:30 PM    Individual (Naive):    0.05
08/11/2024 07:20:30 PM    Collapse genes:    False


08/11/2024 07:20:30 PM    Tallying genes and performing statistical analyses
08/11/2024 07:20:30 PM    Gene-wise counting and Fisher's exact tests for trait: Tetracycline_resistance
08/11/2024 07:20:32 PM    Adding p-values adjusted for testing multiple hypotheses
08/11/2024 07:20:32 PM    Gene-wise counting and Fisher's exact tests for trait: Bogus_trait
08/11/2024 07:20:34 PM    Adding p-values adjusted for testing multiple hypotheses
08/11/2024 07:20:34 PM    Storing results: Tetracycline_resistance
08/11/2024 07:20:34 PM    Calculating max number of contrasting pairs for each nominally significant gene
08/11/2024 07:20:35 PM    Storing results to file
08/11/2024 07:20:35 PM    Storing results: Bogus_trait
08/11/2024 07:20:35 PM    Calculating max number of contrasting pairs for each nominally significant gene
08/11/2024 07:20:36 PM    Storing results to file
08/11/2024 07:20:36 PM    

08/11/2024 07:20:36 PM    ==== Finished ====
08/11/2024 07:20:36 PM    Checked a total of 9001 genes for associations to 2 trait(s). Total time used: 6 seconds.
08/11/2024 07:20:36 PM    Scoary finished successfully, but with WARNINGS. Please check your log file.
